<?xml version="1.0" encoding="utf-8"?>
<coverage line-rate="0.7051000000000001" branch-rate="0.8595999999999999" version="1.9" timestamp="1750024014" lines-covered="177" lines-valid="251" branches-covered="98" branches-valid="114">
  <sources>
    <source>D:\_git\AI_Challenge\edu-ai-challenge-2025\8\Task8.Lib\</source>
  </sources>
  <packages>
    <package name="Task8.Lib" line-rate="0.7051000000000001" branch-rate="0.8595999999999999" complexity="141">
      <classes>
        <class name="Task8.Lib.Program" filename="Program.cs" line-rate="0" branch-rate="0" complexity="4">
          <methods>
            <method name="Main" signature="(System.String[])" line-rate="0" branch-rate="0" complexity="4">
              <lines>
                <line number="13" hits="0" branch="False" />
                <line number="16" hits="0" branch="False" />
                <line number="17" hits="0" branch="False" />
                <line number="18" hits="0" branch="False" />
                <line number="19" hits="0" branch="False" />
                <line number="20" hits="0" branch="False" />
                <line number="21" hits="0" branch="False" />
                <line number="22" hits="0" branch="False" />
                <line number="26" hits="0" branch="False" />
                <line number="27" hits="0" branch="False" />
                <line number="28" hits="0" branch="False" />
                <line number="29" hits="0" branch="False" />
                <line number="30" hits="0" branch="False" />
                <line number="31" hits="0" branch="False" />
                <line number="32" hits="0" branch="False" />
                <line number="33" hits="0" branch="False" />
                <line number="34" hits="0" branch="False" />
                <line number="35" hits="0" branch="False" />
                <line number="36" hits="0" branch="False" />
                <line number="37" hits="0" branch="False" />
                <line number="38" hits="0" branch="False" />
                <line number="42" hits="0" branch="False" />
                <line number="43" hits="0" branch="False" />
                <line number="44" hits="0" branch="False" />
                <line number="45" hits="0" branch="False" />
                <line number="46" hits="0" branch="False" />
                <line number="47" hits="0" branch="False" />
                <line number="48" hits="0" branch="False" />
                <line number="49" hits="0" branch="False" />
                <line number="50" hits="0" branch="False" />
                <line number="51" hits="0" branch="False" />
                <line number="52" hits="0" branch="False" />
                <line number="53" hits="0" branch="False" />
                <line number="54" hits="0" branch="False" />
                <line number="55" hits="0" branch="False" />
                <line number="56" hits="0" branch="False" />
                <line number="57" hits="0" branch="False" />
                <line number="60" hits="0" branch="False" />
                <line number="63" hits="0" branch="True" condition-coverage="0% (0/2)">
                  <conditions>
                    <condition number="501" type="jump" coverage="0%" />
                  </conditions>
                </line>
                <line number="64" hits="0" branch="False" />
                <line number="65" hits="0" branch="False" />
                <line number="68" hits="0" branch="False" />
                <line number="69" hits="0" branch="False" />
                <line number="70" hits="0" branch="False" />
                <line number="71" hits="0" branch="False" />
                <line number="72" hits="0" branch="False" />
                <line number="73" hits="0" branch="False" />
                <line number="74" hits="0" branch="False" />
                <line number="75" hits="0" branch="False" />
                <line number="77" hits="0" branch="False" />
                <line number="78" hits="0" branch="True" condition-coverage="0% (0/2)">
                  <conditions>
                    <condition number="572" type="jump" coverage="0%" />
                  </conditions>
                </line>
                <line number="79" hits="0" branch="False" />
                <line number="80" hits="0" branch="False" />
                <line number="81" hits="0" branch="False" />
              </lines>
            </method>
          </methods>
          <lines>
            <line number="13" hits="0" branch="False" />
            <line number="16" hits="0" branch="False" />
            <line number="17" hits="0" branch="False" />
            <line number="18" hits="0" branch="False" />
            <line number="19" hits="0" branch="False" />
            <line number="20" hits="0" branch="False" />
            <line number="21" hits="0" branch="False" />
            <line number="22" hits="0" branch="False" />
            <line number="26" hits="0" branch="False" />
            <line number="27" hits="0" branch="False" />
            <line number="28" hits="0" branch="False" />
            <line number="29" hits="0" branch="False" />
            <line number="30" hits="0" branch="False" />
            <line number="31" hits="0" branch="False" />
            <line number="32" hits="0" branch="False" />
            <line number="33" hits="0" branch="False" />
            <line number="34" hits="0" branch="False" />
            <line number="35" hits="0" branch="False" />
            <line number="36" hits="0" branch="False" />
            <line number="37" hits="0" branch="False" />
            <line number="38" hits="0" branch="False" />
            <line number="42" hits="0" branch="False" />
            <line number="43" hits="0" branch="False" />
            <line number="44" hits="0" branch="False" />
            <line number="45" hits="0" branch="False" />
            <line number="46" hits="0" branch="False" />
            <line number="47" hits="0" branch="False" />
            <line number="48" hits="0" branch="False" />
            <line number="49" hits="0" branch="False" />
            <line number="50" hits="0" branch="False" />
            <line number="51" hits="0" branch="False" />
            <line number="52" hits="0" branch="False" />
            <line number="53" hits="0" branch="False" />
            <line number="54" hits="0" branch="False" />
            <line number="55" hits="0" branch="False" />
            <line number="56" hits="0" branch="False" />
            <line number="57" hits="0" branch="False" />
            <line number="60" hits="0" branch="False" />
            <line number="63" hits="0" branch="True" condition-coverage="0% (0/2)">
              <conditions>
                <condition number="501" type="jump" coverage="0%" />
              </conditions>
            </line>
            <line number="64" hits="0" branch="False" />
            <line number="65" hits="0" branch="False" />
            <line number="68" hits="0" branch="False" />
            <line number="69" hits="0" branch="False" />
            <line number="70" hits="0" branch="False" />
            <line number="71" hits="0" branch="False" />
            <line number="72" hits="0" branch="False" />
            <line number="73" hits="0" branch="False" />
            <line number="74" hits="0" branch="False" />
            <line number="75" hits="0" branch="False" />
            <line number="77" hits="0" branch="False" />
            <line number="78" hits="0" branch="True" condition-coverage="0% (0/2)">
              <conditions>
                <condition number="572" type="jump" coverage="0%" />
              </conditions>
            </line>
            <line number="79" hits="0" branch="False" />
            <line number="80" hits="0" branch="False" />
            <line number="81" hits="0" branch="False" />
          </lines>
        </class>
        <class name="Task8.Lib.ValidationResult" filename="Schema.cs" line-rate="1" branch-rate="1" complexity="5">
          <methods>
            <method name="get_IsValid" signature="()" line-rate="1" branch-rate="1" complexity="1">
              <lines>
                <line number="12" hits="73" branch="False" />
              </lines>
            </method>
            <method name="get_ErrorMessage" signature="()" line-rate="1" branch-rate="1" complexity="1">
              <lines>
                <line number="13" hits="20" branch="False" />
              </lines>
            </method>
            <method name="Success" signature="()" line-rate="1" branch-rate="1" complexity="1">
              <lines>
                <line number="21" hits="51" branch="False" />
              </lines>
            </method>
            <method name="Fail" signature="(System.String)" line-rate="1" branch-rate="1" complexity="1">
              <lines>
                <line number="22" hits="22" branch="False" />
              </lines>
            </method>
            <method name=".ctor" signature="(System.Boolean,System.String)" line-rate="1" branch-rate="1" complexity="1">
              <lines>
                <line number="15" hits="73" branch="False" />
                <line number="16" hits="73" branch="False" />
                <line number="17" hits="73" branch="False" />
                <line number="18" hits="73" branch="False" />
                <line number="19" hits="73" branch="False" />
              </lines>
            </method>
          </methods>
          <lines>
            <line number="12" hits="73" branch="False" />
            <line number="13" hits="20" branch="False" />
            <line number="21" hits="51" branch="False" />
            <line number="22" hits="22" branch="False" />
            <line number="15" hits="73" branch="False" />
            <line number="16" hits="73" branch="False" />
            <line number="17" hits="73" branch="False" />
            <line number="18" hits="73" branch="False" />
            <line number="19" hits="73" branch="False" />
          </lines>
        </class>
        <class name="Task8.Lib.Schema" filename="Schema.cs" line-rate="1" branch-rate="1" complexity="5">
          <methods>
            <method name="String" signature="()" line-rate="1" branch-rate="1" complexity="1">
              <lines>
                <line number="44" hits="50" branch="False" />
              </lines>
            </method>
            <method name="Number" signature="()" line-rate="1" branch-rate="1" complexity="1">
              <lines>
                <line number="54" hits="13" branch="False" />
              </lines>
            </method>
            <method name="Boolean" signature="()" line-rate="1" branch-rate="1" complexity="1">
              <lines>
                <line number="64" hits="7" branch="False" />
              </lines>
            </method>
            <method name="Array" signature="(Task8.Lib.Validator`1&lt;T&gt;)" line-rate="1" branch-rate="1" complexity="1">
              <lines>
                <line number="75" hits="8" branch="False" />
              </lines>
            </method>
            <method name="Object" signature="(System.Collections.Generic.Dictionary`2&lt;System.String,Task8.Lib.Validator`1&lt;System.Object&gt;&gt;)" line-rate="1" branch-rate="1" complexity="1">
              <lines>
                <line number="98" hits="19" branch="False" />
              </lines>
            </method>
          </methods>
          <lines>
            <line number="44" hits="50" branch="False" />
            <line number="54" hits="13" branch="False" />
            <line number="64" hits="7" branch="False" />
            <line number="75" hits="8" branch="False" />
            <line number="98" hits="19" branch="False" />
          </lines>
        </class>
        <class name="Task8.Lib.Schema/StringValidator" filename="Schema.cs" line-rate="1" branch-rate="1" complexity="30">
          <methods>
            <method name="MinLength" signature="(System.Int32)" line-rate="1" branch-rate="1" complexity="1">
              <lines>
                <line number="114" hits="8" branch="False" />
                <line number="115" hits="8" branch="False" />
                <line number="116" hits="8" branch="False" />
                <line number="117" hits="8" branch="False" />
              </lines>
            </method>
            <method name="MaxLength" signature="(System.Int32)" line-rate="1" branch-rate="1" complexity="1">
              <lines>
                <line number="120" hits="4" branch="False" />
                <line number="121" hits="4" branch="False" />
                <line number="122" hits="4" branch="False" />
                <line number="123" hits="4" branch="False" />
              </lines>
            </method>
            <method name="Pattern" signature="(System.Text.RegularExpressions.Regex)" line-rate="1" branch-rate="1" complexity="1">
              <lines>
                <line number="126" hits="8" branch="False" />
                <line number="127" hits="8" branch="False" />
                <line number="128" hits="8" branch="False" />
                <line number="129" hits="8" branch="False" />
              </lines>
            </method>
            <method name="WithMessage" signature="(System.String)" line-rate="1" branch-rate="1" complexity="1">
              <lines>
                <line number="132" hits="7" branch="False" />
                <line number="133" hits="7" branch="False" />
                <line number="134" hits="7" branch="False" />
                <line number="135" hits="7" branch="False" />
              </lines>
            </method>
            <method name="Optional" signature="()" line-rate="1" branch-rate="1" complexity="1">
              <lines>
                <line number="138" hits="1" branch="False" />
                <line number="139" hits="1" branch="False" />
                <line number="140" hits="1" branch="False" />
                <line number="141" hits="1" branch="False" />
              </lines>
            </method>
            <method name="Validate" signature="(System.String)" line-rate="1" branch-rate="1" complexity="24">
              <lines>
                <line number="144" hits="39" branch="False" />
                <line number="145" hits="39" branch="True" condition-coverage="100% (2/2)">
                  <conditions>
                    <condition number="7" type="jump" coverage="100%" />
                  </conditions>
                </line>
                <line number="146" hits="2" branch="False" />
                <line number="147" hits="2" branch="True" condition-coverage="100% (2/2)">
                  <conditions>
                    <condition number="18" type="jump" coverage="100%" />
                  </conditions>
                </line>
                <line number="148" hits="1" branch="False" />
                <line number="149" hits="1" branch="True" condition-coverage="100% (2/2)">
                  <conditions>
                    <condition number="38" type="jump" coverage="100%" />
                  </conditions>
                </line>
                <line number="152" hits="37" branch="True" condition-coverage="100% (4/4)">
                  <conditions>
                    <condition number="68" type="jump" coverage="100%" />
                    <condition number="94" type="jump" coverage="100%" />
                  </conditions>
                </line>
                <line number="153" hits="6" branch="True" condition-coverage="100% (2/2)">
                  <conditions>
                    <condition number="103" type="jump" coverage="100%" />
                  </conditions>
                </line>
                <line number="155" hits="31" branch="True" condition-coverage="100% (4/4)">
                  <conditions>
                    <condition number="190" type="jump" coverage="100%" />
                    <condition number="218" type="jump" coverage="100%" />
                  </conditions>
                </line>
                <line number="156" hits="1" branch="True" condition-coverage="100% (2/2)">
                  <conditions>
                    <condition number="227" type="jump" coverage="100%" />
                  </conditions>
                </line>
                <line number="158" hits="30" branch="True" condition-coverage="100% (4/4)">
                  <conditions>
                    <condition number="306" type="jump" coverage="100%" />
                    <condition number="330" type="jump" coverage="100%" />
                  </conditions>
                </line>
                <line number="159" hits="1" branch="True" condition-coverage="100% (2/2)">
                  <conditions>
                    <condition number="339" type="jump" coverage="100%" />
                  </conditions>
                </line>
                <line number="161" hits="29" branch="False" />
                <line number="162" hits="39" branch="False" />
              </lines>
            </method>
            <method name="op_Implicit" signature="(Task8.Lib.Schema/StringValidator)" line-rate="1" branch-rate="1" complexity="1">
              <lines>
                <line number="165" hits="73" branch="False" />
              </lines>
            </method>
          </methods>
          <lines>
            <line number="114" hits="8" branch="False" />
            <line number="115" hits="8" branch="False" />
            <line number="116" hits="8" branch="False" />
            <line number="117" hits="8" branch="False" />
            <line number="120" hits="4" branch="False" />
            <line number="121" hits="4" branch="False" />
            <line number="122" hits="4" branch="False" />
            <line number="123" hits="4" branch="False" />
            <line number="126" hits="8" branch="False" />
            <line number="127" hits="8" branch="False" />
            <line number="128" hits="8" branch="False" />
            <line number="129" hits="8" branch="False" />
            <line number="132" hits="7" branch="False" />
            <line number="133" hits="7" branch="False" />
            <line number="134" hits="7" branch="False" />
            <line number="135" hits="7" branch="False" />
            <line number="138" hits="1" branch="False" />
            <line number="139" hits="1" branch="False" />
            <line number="140" hits="1" branch="False" />
            <line number="141" hits="1" branch="False" />
            <line number="144" hits="39" branch="False" />
            <line number="145" hits="39" branch="True" condition-coverage="100% (2/2)">
              <conditions>
                <condition number="7" type="jump" coverage="100%" />
              </conditions>
            </line>
            <line number="146" hits="2" branch="False" />
            <line number="147" hits="2" branch="True" condition-coverage="100% (2/2)">
              <conditions>
                <condition number="18" type="jump" coverage="100%" />
              </conditions>
            </line>
            <line number="148" hits="1" branch="False" />
            <line number="149" hits="1" branch="True" condition-coverage="100% (2/2)">
              <conditions>
                <condition number="38" type="jump" coverage="100%" />
              </conditions>
            </line>
            <line number="152" hits="37" branch="True" condition-coverage="100% (4/4)">
              <conditions>
                <condition number="68" type="jump" coverage="100%" />
                <condition number="94" type="jump" coverage="100%" />
              </conditions>
            </line>
            <line number="153" hits="6" branch="True" condition-coverage="100% (2/2)">
              <conditions>
                <condition number="103" type="jump" coverage="100%" />
              </conditions>
            </line>
            <line number="155" hits="31" branch="True" condition-coverage="100% (4/4)">
              <conditions>
                <condition number="190" type="jump" coverage="100%" />
                <condition number="218" type="jump" coverage="100%" />
              </conditions>
            </line>
            <line number="156" hits="1" branch="True" condition-coverage="100% (2/2)">
              <conditions>
                <condition number="227" type="jump" coverage="100%" />
              </conditions>
            </line>
            <line number="158" hits="30" branch="True" condition-coverage="100% (4/4)">
              <conditions>
                <condition number="306" type="jump" coverage="100%" />
                <condition number="330" type="jump" coverage="100%" />
              </conditions>
            </line>
            <line number="159" hits="1" branch="True" condition-coverage="100% (2/2)">
              <conditions>
                <condition number="339" type="jump" coverage="100%" />
              </conditions>
            </line>
            <line number="161" hits="29" branch="False" />
            <line number="162" hits="39" branch="False" />
            <line number="165" hits="73" branch="False" />
          </lines>
        </class>
        <class name="Task8.Lib.Schema/NumberValidator" filename="Schema.cs" line-rate="1" branch-rate="1" complexity="19">
          <methods>
            <method name="Optional" signature="()" line-rate="1" branch-rate="1" complexity="1">
              <lines>
                <line number="177" hits="4" branch="False" />
                <line number="178" hits="4" branch="False" />
                <line number="179" hits="4" branch="False" />
                <line number="180" hits="4" branch="False" />
              </lines>
            </method>
            <method name="WithMessage" signature="(System.String)" line-rate="1" branch-rate="1" complexity="1">
              <lines>
                <line number="183" hits="1" branch="False" />
                <line number="184" hits="1" branch="False" />
                <line number="185" hits="1" branch="False" />
                <line number="186" hits="1" branch="False" />
              </lines>
            </method>
            <method name="Validate" signature="(System.Object)" line-rate="1" branch-rate="1" complexity="16">
              <lines>
                <line number="189" hits="7" branch="False" />
                <line number="190" hits="7" branch="True" condition-coverage="100% (2/2)">
                  <conditions>
                    <condition number="7" type="jump" coverage="100%" />
                  </conditions>
                </line>
                <line number="191" hits="2" branch="False" />
                <line number="192" hits="2" branch="True" condition-coverage="100% (2/2)">
                  <conditions>
                    <condition number="18" type="jump" coverage="100%" />
                  </conditions>
                </line>
                <line number="193" hits="1" branch="False" />
                <line number="194" hits="1" branch="True" condition-coverage="100% (2/2)">
                  <conditions>
                    <condition number="35" type="jump" coverage="100%" />
                  </conditions>
                </line>
                <line number="197" hits="5" branch="True" condition-coverage="100% (8/8)">
                  <conditions>
                    <condition number="57" type="jump" coverage="100%" />
                    <condition number="65" type="jump" coverage="100%" />
                    <condition number="73" type="jump" coverage="100%" />
                    <condition number="89" type="jump" coverage="100%" />
                  </conditions>
                </line>
                <line number="198" hits="3" branch="False" />
                <line number="200" hits="2" branch="True" condition-coverage="100% (2/2)">
                  <conditions>
                    <condition number="106" type="jump" coverage="100%" />
                  </conditions>
                </line>
                <line number="201" hits="7" branch="False" />
              </lines>
            </method>
            <method name="op_Implicit" signature="(Task8.Lib.Schema/NumberValidator)" line-rate="1" branch-rate="1" complexity="1">
              <lines>
                <line number="204" hits="8" branch="False" />
              </lines>
            </method>
          </methods>
          <lines>
            <line number="177" hits="4" branch="False" />
            <line number="178" hits="4" branch="False" />
            <line number="179" hits="4" branch="False" />
            <line number="180" hits="4" branch="False" />
            <line number="183" hits="1" branch="False" />
            <line number="184" hits="1" branch="False" />
            <line number="185" hits="1" branch="False" />
            <line number="186" hits="1" branch="False" />
            <line number="189" hits="7" branch="False" />
            <line number="190" hits="7" branch="True" condition-coverage="100% (2/2)">
              <conditions>
                <condition number="7" type="jump" coverage="100%" />
              </conditions>
            </line>
            <line number="191" hits="2" branch="False" />
            <line number="192" hits="2" branch="True" condition-coverage="100% (2/2)">
              <conditions>
                <condition number="18" type="jump" coverage="100%" />
              </conditions>
            </line>
            <line number="193" hits="1" branch="False" />
            <line number="194" hits="1" branch="True" condition-coverage="100% (2/2)">
              <conditions>
                <condition number="35" type="jump" coverage="100%" />
              </conditions>
            </line>
            <line number="197" hits="5" branch="True" condition-coverage="100% (8/8)">
              <conditions>
                <condition number="57" type="jump" coverage="100%" />
                <condition number="65" type="jump" coverage="100%" />
                <condition number="73" type="jump" coverage="100%" />
                <condition number="89" type="jump" coverage="100%" />
              </conditions>
            </line>
            <line number="198" hits="3" branch="False" />
            <line number="200" hits="2" branch="True" condition-coverage="100% (2/2)">
              <conditions>
                <condition number="106" type="jump" coverage="100%" />
              </conditions>
            </line>
            <line number="201" hits="7" branch="False" />
            <line number="204" hits="8" branch="False" />
          </lines>
        </class>
        <class name="Task8.Lib.Schema/BooleanValidator" filename="Schema.cs" line-rate="0.7894" branch-rate="1" complexity="13">
          <methods>
            <method name="WithMessage" signature="(System.String)" line-rate="0" branch-rate="1" complexity="1">
              <lines>
                <line number="216" hits="0" branch="False" />
                <line number="217" hits="0" branch="False" />
                <line number="218" hits="0" branch="False" />
                <line number="219" hits="0" branch="False" />
              </lines>
            </method>
            <method name="Optional" signature="()" line-rate="1" branch-rate="1" complexity="1">
              <lines>
                <line number="222" hits="1" branch="False" />
                <line number="223" hits="1" branch="False" />
                <line number="224" hits="1" branch="False" />
                <line number="225" hits="1" branch="False" />
              </lines>
            </method>
            <method name="Validate" signature="(System.Object)" line-rate="1" branch-rate="1" complexity="10">
              <lines>
                <line number="228" hits="6" branch="False" />
                <line number="229" hits="6" branch="True" condition-coverage="100% (2/2)">
                  <conditions>
                    <condition number="7" type="jump" coverage="100%" />
                  </conditions>
                </line>
                <line number="230" hits="2" branch="False" />
                <line number="231" hits="2" branch="True" condition-coverage="100% (2/2)">
                  <conditions>
                    <condition number="18" type="jump" coverage="100%" />
                  </conditions>
                </line>
                <line number="232" hits="1" branch="False" />
                <line number="233" hits="1" branch="True" condition-coverage="100% (2/2)">
                  <conditions>
                    <condition number="35" type="jump" coverage="100%" />
                  </conditions>
                </line>
                <line number="236" hits="4" branch="True" condition-coverage="100% (2/2)">
                  <conditions>
                    <condition number="62" type="jump" coverage="100%" />
                  </conditions>
                </line>
                <line number="237" hits="3" branch="False" />
                <line number="239" hits="1" branch="True" condition-coverage="100% (2/2)">
                  <conditions>
                    <condition number="79" type="jump" coverage="100%" />
                  </conditions>
                </line>
                <line number="240" hits="6" branch="False" />
              </lines>
            </method>
            <method name="op_Implicit" signature="(Task8.Lib.Schema/BooleanValidator)" line-rate="1" branch-rate="1" complexity="1">
              <lines>
                <line number="243" hits="5" branch="False" />
              </lines>
            </method>
          </methods>
          <lines>
            <line number="216" hits="0" branch="False" />
            <line number="217" hits="0" branch="False" />
            <line number="218" hits="0" branch="False" />
            <line number="219" hits="0" branch="False" />
            <line number="222" hits="1" branch="False" />
            <line number="223" hits="1" branch="False" />
            <line number="224" hits="1" branch="False" />
            <line number="225" hits="1" branch="False" />
            <line number="228" hits="6" branch="False" />
            <line number="229" hits="6" branch="True" condition-coverage="100% (2/2)">
              <conditions>
                <condition number="7" type="jump" coverage="100%" />
              </conditions>
            </line>
            <line number="230" hits="2" branch="False" />
            <line number="231" hits="2" branch="True" condition-coverage="100% (2/2)">
              <conditions>
                <condition number="18" type="jump" coverage="100%" />
              </conditions>
            </line>
            <line number="232" hits="1" branch="False" />
            <line number="233" hits="1" branch="True" condition-coverage="100% (2/2)">
              <conditions>
                <condition number="35" type="jump" coverage="100%" />
              </conditions>
            </line>
            <line number="236" hits="4" branch="True" condition-coverage="100% (2/2)">
              <conditions>
                <condition number="62" type="jump" coverage="100%" />
              </conditions>
            </line>
            <line number="237" hits="3" branch="False" />
            <line number="239" hits="1" branch="True" condition-coverage="100% (2/2)">
              <conditions>
                <condition number="79" type="jump" coverage="100%" />
              </conditions>
            </line>
            <line number="240" hits="6" branch="False" />
            <line number="243" hits="5" branch="False" />
          </lines>
        </class>
        <class name="Task8.Lib.Schema/ArrayValidator`1" filename="Schema.cs" line-rate="0.8684000000000001" branch-rate="0.9444" complexity="21">
          <methods>
            <method name="Optional" signature="()" line-rate="1" branch-rate="1" complexity="1">
              <lines>
                <line number="261" hits="1" branch="False" />
                <line number="262" hits="1" branch="False" />
                <line number="263" hits="1" branch="False" />
                <line number="264" hits="1" branch="False" />
              </lines>
            </method>
            <method name="WithMessage" signature="(System.String)" line-rate="0" branch-rate="1" complexity="1">
              <lines>
                <line number="267" hits="0" branch="False" />
                <line number="268" hits="0" branch="False" />
                <line number="269" hits="0" branch="False" />
                <line number="270" hits="0" branch="False" />
              </lines>
            </method>
            <method name="Validate" signature="(System.Collections.Generic.IEnumerable`1&lt;T&gt;)" line-rate="1" branch-rate="1" complexity="12">
              <lines>
                <line number="273" hits="6" branch="False" />
                <line number="274" hits="6" branch="True" condition-coverage="100% (2/2)">
                  <conditions>
                    <condition number="7" type="jump" coverage="100%" />
                  </conditions>
                </line>
                <line number="275" hits="2" branch="False" />
                <line number="276" hits="2" branch="True" condition-coverage="100% (2/2)">
                  <conditions>
                    <condition number="18" type="jump" coverage="100%" />
                  </conditions>
                </line>
                <line number="277" hits="1" branch="False" />
                <line number="278" hits="1" branch="True" condition-coverage="100% (2/2)">
                  <conditions>
                    <condition number="38" type="jump" coverage="100%" />
                  </conditions>
                </line>
                <line number="281" hits="4" branch="False" />
                <line number="282" hits="29" branch="True" condition-coverage="100% (2/2)">
                  <conditions>
                    <condition number="211" type="jump" coverage="100%" />
                  </conditions>
                </line>
                <line number="283" hits="9" branch="False" />
                <line number="284" hits="9" branch="False" />
                <line number="285" hits="9" branch="True" condition-coverage="100% (2/2)">
                  <conditions>
                    <condition number="112" type="jump" coverage="100%" />
                  </conditions>
                </line>
                <line number="286" hits="1" branch="True" condition-coverage="100% (2/2)">
                  <conditions>
                    <condition number="121" type="jump" coverage="100%" />
                  </conditions>
                </line>
                <line number="287" hits="8" branch="False" />
                <line number="288" hits="8" branch="False" />
                <line number="289" hits="3" branch="False" />
                <line number="290" hits="6" branch="False" />
              </lines>
            </method>
            <method name="op_Implicit" signature="(Task8.Lib.Schema/ArrayValidator`1&lt;T&gt;)" line-rate="0.9" branch-rate="0.8332999999999999" complexity="6">
              <lines>
                <line number="293" hits="4" branch="False" />
                <line number="294" hits="3" branch="False" />
                <line number="295" hits="3" branch="True" condition-coverage="50% (1/2)">
                  <conditions>
                    <condition number="7" type="jump" coverage="50%" />
                  </conditions>
                </line>
                <line number="296" hits="0" branch="False" />
                <line number="297" hits="4" branch="False" />
                <line number="298" hits="3" branch="True" condition-coverage="100% (2/2)">
                  <conditions>
                    <condition number="37" type="jump" coverage="100%" />
                  </conditions>
                </line>
                <line number="299" hits="2" branch="False" />
                <line number="300" hits="4" branch="False" />
                <line number="301" hits="1" branch="True" condition-coverage="100% (2/2)">
                  <conditions>
                    <condition number="66" type="jump" coverage="100%" />
                  </conditions>
                </line>
                <line number="302" hits="7" branch="False" />
              </lines>
            </method>
            <method name=".ctor" signature="(Task8.Lib.Validator`1&lt;T&gt;)" line-rate="1" branch-rate="1" complexity="1">
              <lines>
                <line number="255" hits="8" branch="False" />
                <line number="256" hits="8" branch="False" />
                <line number="257" hits="8" branch="False" />
                <line number="258" hits="8" branch="False" />
              </lines>
            </method>
          </methods>
          <lines>
            <line number="261" hits="1" branch="False" />
            <line number="262" hits="1" branch="False" />
            <line number="263" hits="1" branch="False" />
            <line number="264" hits="1" branch="False" />
            <line number="267" hits="0" branch="False" />
            <line number="268" hits="0" branch="False" />
            <line number="269" hits="0" branch="False" />
            <line number="270" hits="0" branch="False" />
            <line number="273" hits="6" branch="False" />
            <line number="274" hits="6" branch="True" condition-coverage="100% (2/2)">
              <conditions>
                <condition number="7" type="jump" coverage="100%" />
              </conditions>
            </line>
            <line number="275" hits="2" branch="False" />
            <line number="276" hits="2" branch="True" condition-coverage="100% (2/2)">
              <conditions>
                <condition number="18" type="jump" coverage="100%" />
              </conditions>
            </line>
            <line number="277" hits="1" branch="False" />
            <line number="278" hits="1" branch="True" condition-coverage="100% (2/2)">
              <conditions>
                <condition number="38" type="jump" coverage="100%" />
              </conditions>
            </line>
            <line number="281" hits="4" branch="False" />
            <line number="282" hits="29" branch="True" condition-coverage="100% (2/2)">
              <conditions>
                <condition number="211" type="jump" coverage="100%" />
              </conditions>
            </line>
            <line number="283" hits="9" branch="False" />
            <line number="284" hits="9" branch="False" />
            <line number="285" hits="9" branch="True" condition-coverage="100% (2/2)">
              <conditions>
                <condition number="112" type="jump" coverage="100%" />
              </conditions>
            </line>
            <line number="286" hits="1" branch="True" condition-coverage="100% (2/2)">
              <conditions>
                <condition number="121" type="jump" coverage="100%" />
              </conditions>
            </line>
            <line number="287" hits="8" branch="False" />
            <line number="288" hits="8" branch="False" />
            <line number="289" hits="3" branch="False" />
            <line number="290" hits="6" branch="False" />
            <line number="293" hits="4" branch="False" />
            <line number="294" hits="3" branch="False" />
            <line number="295" hits="3" branch="True" condition-coverage="50% (1/2)">
              <conditions>
                <condition number="7" type="jump" coverage="50%" />
              </conditions>
            </line>
            <line number="296" hits="0" branch="False" />
            <line number="297" hits="4" branch="False" />
            <line number="298" hits="3" branch="True" condition-coverage="100% (2/2)">
              <conditions>
                <condition number="37" type="jump" coverage="100%" />
              </conditions>
            </line>
            <line number="299" hits="2" branch="False" />
            <line number="300" hits="4" branch="False" />
            <line number="301" hits="1" branch="True" condition-coverage="100% (2/2)">
              <conditions>
                <condition number="66" type="jump" coverage="100%" />
              </conditions>
            </line>
            <line number="302" hits="7" branch="False" />
            <line number="255" hits="8" branch="False" />
            <line number="256" hits="8" branch="False" />
            <line number="257" hits="8" branch="False" />
            <line number="258" hits="8" branch="False" />
          </lines>
        </class>
        <class name="Task8.Lib.Schema/ObjectValidator`1" filename="Schema.cs" line-rate="0.8472" branch-rate="0.738" complexity="44">
          <methods>
            <method name="Optional" signature="()" line-rate="1" branch-rate="1" complexity="1">
              <lines>
                <line number="327" hits="7" branch="False" />
                <line number="328" hits="7" branch="False" />
                <line number="329" hits="7" branch="False" />
                <line number="330" hits="7" branch="False" />
              </lines>
            </method>
            <method name="WithMessage" signature="(System.String)" line-rate="0" branch-rate="1" complexity="1">
              <lines>
                <line number="333" hits="0" branch="False" />
                <line number="334" hits="0" branch="False" />
                <line number="335" hits="0" branch="False" />
                <line number="336" hits="0" branch="False" />
              </lines>
            </method>
            <method name="MarkPropertyAsOptional" signature="(System.String)" line-rate="1" branch-rate="1" complexity="2">
              <lines>
                <line number="340" hits="12" branch="False" />
                <line number="341" hits="12" branch="True" condition-coverage="100% (2/2)">
                  <conditions>
                    <condition number="15" type="jump" coverage="100%" />
                  </conditions>
                </line>
                <line number="342" hits="12" branch="False" />
                <line number="343" hits="12" branch="False" />
                <line number="344" hits="12" branch="False" />
                <line number="345" hits="12" branch="False" />
                <line number="346" hits="12" branch="False" />
              </lines>
            </method>
            <method name="MarkPropertiesAsOptional" signature="(System.String[])" line-rate="1" branch-rate="1" complexity="2">
              <lines>
                <line number="350" hits="4" branch="False" />
                <line number="351" hits="34" branch="True" condition-coverage="100% (2/2)">
                  <conditions>
                    <condition number="30" type="jump" coverage="100%" />
                  </conditions>
                </line>
                <line number="352" hits="11" branch="False" />
                <line number="353" hits="11" branch="False" />
                <line number="354" hits="11" branch="False" />
                <line number="355" hits="4" branch="False" />
                <line number="356" hits="4" branch="False" />
              </lines>
            </method>
            <method name="Validate" signature="(T)" line-rate="0.8387" branch-rate="0.7857" complexity="28">
              <lines>
                <line number="359" hits="14" branch="False" />
                <line number="360" hits="14" branch="True" condition-coverage="100% (2/2)">
                  <conditions>
                    <condition number="12" type="jump" coverage="100%" />
                  </conditions>
                </line>
                <line number="361" hits="2" branch="False" />
                <line number="362" hits="2" branch="True" condition-coverage="100% (2/2)">
                  <conditions>
                    <condition number="23" type="jump" coverage="100%" />
                  </conditions>
                </line>
                <line number="363" hits="1" branch="False" />
                <line number="364" hits="1" branch="True" condition-coverage="100% (2/2)">
                  <conditions>
                    <condition number="43" type="jump" coverage="100%" />
                  </conditions>
                </line>
                <line number="367" hits="12" branch="False" />
                <line number="368" hits="108" branch="True" condition-coverage="100% (2/2)">
                  <conditions>
                    <condition number="393" type="jump" coverage="100%" />
                  </conditions>
                </line>
                <line number="369" hits="38" branch="False" />
                <line number="370" hits="38" branch="False" />
                <line number="371" hits="38" branch="False" />
                <line number="373" hits="38" branch="False" />
                <line number="374" hits="38" branch="True" condition-coverage="100% (2/2)">
                  <conditions>
                    <condition number="145" type="jump" coverage="100%" />
                  </conditions>
                </line>
                <line number="375" hits="8" branch="False" />
                <line number="377" hits="8" branch="True" condition-coverage="80% (8/10)">
                  <conditions>
                    <condition number="163" type="jump" coverage="100%" />
                    <condition number="177" type="jump" coverage="100%" />
                    <condition number="191" type="jump" coverage="100%" />
                    <condition number="206" type="jump" coverage="50%" />
                    <condition number="231" type="jump" coverage="50%" />
                  </conditions>
                </line>
                <line number="378" hits="8" branch="False" />
                <line number="379" hits="8" branch="False" />
                <line number="381" hits="8" branch="False" />
                <line number="385" hits="0" branch="False" />
                <line number="386" hits="0" branch="True" condition-coverage="0% (0/2)">
                  <conditions>
                    <condition number="260" type="jump" coverage="0%" />
                  </conditions>
                </line>
                <line number="387" hits="0" branch="False" />
                <line number="389" hits="0" branch="False" />
                <line number="392" hits="0" branch="True" condition-coverage="0% (0/2)">
                  <conditions>
                    <condition number="272" type="jump" coverage="0%" />
                  </conditions>
                </line>
                <line number="395" hits="30" branch="False" />
                <line number="396" hits="30" branch="False" />
                <line number="397" hits="30" branch="True" condition-coverage="100% (2/2)">
                  <conditions>
                    <condition number="340" type="jump" coverage="100%" />
                  </conditions>
                </line>
                <line number="398" hits="4" branch="False" />
                <line number="399" hits="4" branch="True" condition-coverage="100% (2/2)">
                  <conditions>
                    <condition number="350" type="jump" coverage="100%" />
                  </conditions>
                </line>
                <line number="401" hits="26" branch="False" />
                <line number="402" hits="8" branch="False" />
                <line number="403" hits="14" branch="False" />
              </lines>
            </method>
            <method name="op_Implicit" signature="(Task8.Lib.Schema/ObjectValidator`1&lt;T&gt;)" line-rate="0.8" branch-rate="0.375" complexity="8">
              <lines>
                <line number="406" hits="8" branch="False" />
                <line number="407" hits="3" branch="False" />
                <line number="408" hits="3" branch="True" condition-coverage="50% (1/2)">
                  <conditions>
                    <condition number="7" type="jump" coverage="50%" />
                  </conditions>
                </line>
                <line number="409" hits="0" branch="False" />
                <line number="410" hits="8" branch="False" />
                <line number="411" hits="3" branch="True" condition-coverage="50% (2/4)">
                  <conditions>
                    <condition number="38" type="jump" coverage="50%" />
                    <condition number="55" type="jump" coverage="50%" />
                  </conditions>
                </line>
                <line number="412" hits="3" branch="False" />
                <line number="413" hits="8" branch="False" />
                <line number="414" hits="0" branch="True" condition-coverage="0% (0/2)">
                  <conditions>
                    <condition number="84" type="jump" coverage="0%" />
                  </conditions>
                </line>
                <line number="415" hits="11" branch="False" />
              </lines>
            </method>
            <method name=".ctor" signature="(System.Collections.Generic.Dictionary`2&lt;System.String,Task8.Lib.Validator`1&lt;System.Object&gt;&gt;)" line-rate="1" branch-rate="1" complexity="2">
              <lines>
                <line number="313" hits="19" branch="False" />
                <line number="315" hits="19" branch="False" />
                <line number="316" hits="19" branch="False" />
                <line number="317" hits="19" branch="False" />
                <line number="320" hits="167" branch="True" condition-coverage="100% (2/2)">
                  <conditions>
                    <condition number="72" type="jump" coverage="100%" />
                  </conditions>
                </line>
                <line number="321" hits="55" branch="False" />
                <line number="322" hits="55" branch="False" />
                <line number="323" hits="55" branch="False" />
                <line number="324" hits="19" branch="False" />
              </lines>
            </method>
          </methods>
          <lines>
            <line number="327" hits="7" branch="False" />
            <line number="328" hits="7" branch="False" />
            <line number="329" hits="7" branch="False" />
            <line number="330" hits="7" branch="False" />
            <line number="333" hits="0" branch="False" />
            <line number="334" hits="0" branch="False" />
            <line number="335" hits="0" branch="False" />
            <line number="336" hits="0" branch="False" />
            <line number="340" hits="12" branch="False" />
            <line number="341" hits="12" branch="True" condition-coverage="100% (2/2)">
              <conditions>
                <condition number="15" type="jump" coverage="100%" />
              </conditions>
            </line>
            <line number="342" hits="12" branch="False" />
            <line number="343" hits="12" branch="False" />
            <line number="344" hits="12" branch="False" />
            <line number="345" hits="12" branch="False" />
            <line number="346" hits="12" branch="False" />
            <line number="350" hits="4" branch="False" />
            <line number="351" hits="34" branch="True" condition-coverage="100% (2/2)">
              <conditions>
                <condition number="30" type="jump" coverage="100%" />
              </conditions>
            </line>
            <line number="352" hits="11" branch="False" />
            <line number="353" hits="11" branch="False" />
            <line number="354" hits="11" branch="False" />
            <line number="355" hits="4" branch="False" />
            <line number="356" hits="4" branch="False" />
            <line number="359" hits="14" branch="False" />
            <line number="360" hits="14" branch="True" condition-coverage="100% (2/2)">
              <conditions>
                <condition number="12" type="jump" coverage="100%" />
              </conditions>
            </line>
            <line number="361" hits="2" branch="False" />
            <line number="362" hits="2" branch="True" condition-coverage="100% (2/2)">
              <conditions>
                <condition number="23" type="jump" coverage="100%" />
              </conditions>
            </line>
            <line number="363" hits="1" branch="False" />
            <line number="364" hits="1" branch="True" condition-coverage="100% (2/2)">
              <conditions>
                <condition number="43" type="jump" coverage="100%" />
              </conditions>
            </line>
            <line number="367" hits="12" branch="False" />
            <line number="368" hits="108" branch="True" condition-coverage="100% (2/2)">
              <conditions>
                <condition number="393" type="jump" coverage="100%" />
              </conditions>
            </line>
            <line number="369" hits="38" branch="False" />
            <line number="370" hits="38" branch="False" />
            <line number="371" hits="38" branch="False" />
            <line number="373" hits="38" branch="False" />
            <line number="374" hits="38" branch="True" condition-coverage="100% (2/2)">
              <conditions>
                <condition number="145" type="jump" coverage="100%" />
              </conditions>
            </line>
            <line number="375" hits="8" branch="False" />
            <line number="377" hits="8" branch="True" condition-coverage="80% (8/10)">
              <conditions>
                <condition number="163" type="jump" coverage="100%" />
                <condition number="177" type="jump" coverage="100%" />
                <condition number="191" type="jump" coverage="100%" />
                <condition number="206" type="jump" coverage="50%" />
                <condition number="231" type="jump" coverage="50%" />
              </conditions>
            </line>
            <line number="378" hits="8" branch="False" />
            <line number="379" hits="8" branch="False" />
            <line number="381" hits="8" branch="False" />
            <line number="385" hits="0" branch="False" />
            <line number="386" hits="0" branch="True" condition-coverage="0% (0/2)">
              <conditions>
                <condition number="260" type="jump" coverage="0%" />
              </conditions>
            </line>
            <line number="387" hits="0" branch="False" />
            <line number="389" hits="0" branch="False" />
            <line number="392" hits="0" branch="True" condition-coverage="0% (0/2)">
              <conditions>
                <condition number="272" type="jump" coverage="0%" />
              </conditions>
            </line>
            <line number="395" hits="30" branch="False" />
            <line number="396" hits="30" branch="False" />
            <line number="397" hits="30" branch="True" condition-coverage="100% (2/2)">
              <conditions>
                <condition number="340" type="jump" coverage="100%" />
              </conditions>
            </line>
            <line number="398" hits="4" branch="False" />
            <line number="399" hits="4" branch="True" condition-coverage="100% (2/2)">
              <conditions>
                <condition number="350" type="jump" coverage="100%" />
              </conditions>
            </line>
            <line number="401" hits="26" branch="False" />
            <line number="402" hits="8" branch="False" />
            <line number="403" hits="14" branch="False" />
            <line number="406" hits="8" branch="False" />
            <line number="407" hits="3" branch="False" />
            <line number="408" hits="3" branch="True" condition-coverage="50% (1/2)">
              <conditions>
                <condition number="7" type="jump" coverage="50%" />
              </conditions>
            </line>
            <line number="409" hits="0" branch="False" />
            <line number="410" hits="8" branch="False" />
            <line number="411" hits="3" branch="True" condition-coverage="50% (2/4)">
              <conditions>
                <condition number="38" type="jump" coverage="50%" />
                <condition number="55" type="jump" coverage="50%" />
              </conditions>
            </line>
            <line number="412" hits="3" branch="False" />
            <line number="413" hits="8" branch="False" />
            <line number="414" hits="0" branch="True" condition-coverage="0% (0/2)">
              <conditions>
                <condition number="84" type="jump" coverage="0%" />
              </conditions>
            </line>
            <line number="415" hits="11" branch="False" />
            <line number="313" hits="19" branch="False" />
            <line number="315" hits="19" branch="False" />
            <line number="316" hits="19" branch="False" />
            <line number="317" hits="19" branch="False" />
            <line number="320" hits="167" branch="True" condition-coverage="100% (2/2)">
              <conditions>
                <condition number="72" type="jump" coverage="100%" />
              </conditions>
            </line>
            <line number="321" hits="55" branch="False" />
            <line number="322" hits="55" branch="False" />
            <line number="323" hits="55" branch="False" />
            <line number="324" hits="19" branch="False" />
          </lines>
        </class>
      </classes>
    </package>
  </packages>
</coverage>