<?xml version="1.0" encoding="utf-8"?>
<coverage line-rate="0.7974" branch-rate="0.9375" version="1.9" timestamp="1749501486" lines-covered="63" lines-valid="79" branches-covered="15" branches-valid="16">
  <sources>
    <source>D:\</source>
  </sources>
  <packages>
    <package name="Task6" line-rate="0.7974" branch-rate="0.9375" complexity="30">
      <classes>
        <class name="Program" filename="_git\AI_Challenge\edu-ai-challenge-2025\6\Task6\Task6\Program.converted.cs" line-rate="0.46659999999999996" branch-rate="1" complexity="9">
          <methods>
            <method name="Mod" signature="(System.Int32,System.Int32)" line-rate="1" branch-rate="1" complexity="1">
              <lines>
                <line number="8" hits="187" branch="False" />
              </lines>
            </method>
            <method name="PlugboardSwap" signature="(System.Char,System.Collections.Generic.List`1&lt;System.Tuple`2&lt;System.Char,System.Char&gt;&gt;)" line-rate="1" branch-rate="1" complexity="6">
              <lines>
                <line number="18" hits="24" branch="False" />
                <line number="19" hits="107" branch="True" condition-coverage="100% (2/2)">
                  <conditions>
                    <condition number="74" type="jump" coverage="100%" />
                  </conditions>
                </line>
                <line number="20" hits="20" branch="False" />
                <line number="21" hits="23" branch="True" condition-coverage="100% (2/2)">
                  <conditions>
                    <condition number="31" type="jump" coverage="100%" />
                  </conditions>
                </line>
                <line number="22" hits="19" branch="True" condition-coverage="100% (2/2)">
                  <conditions>
                    <condition number="55" type="jump" coverage="100%" />
                  </conditions>
                </line>
                <line number="23" hits="15" branch="False" />
                <line number="24" hits="19" branch="False" />
                <line number="25" hits="24" branch="False" />
              </lines>
            </method>
            <method name="PromptEnigma" signature="()" line-rate="0" branch-rate="1" complexity="1">
              <lines>
                <line number="101" hits="0" branch="False" />
                <line number="102" hits="0" branch="False" />
                <line number="103" hits="0" branch="False" />
                <line number="104" hits="0" branch="False" />
                <line number="105" hits="0" branch="False" />
                <line number="106" hits="0" branch="False" />
                <line number="107" hits="0" branch="False" />
                <line number="108" hits="0" branch="False" />
                <line number="109" hits="0" branch="False" />
                <line number="110" hits="0" branch="False" />
                <line number="111" hits="0" branch="False" />
                <line number="112" hits="0" branch="False" />
                <line number="114" hits="0" branch="False" />
                <line number="115" hits="0" branch="False" />
                <line number="116" hits="0" branch="False" />
                <line number="117" hits="0" branch="False" />
              </lines>
            </method>
            <method name=".cctor" signature="()" line-rate="1" branch-rate="1" complexity="1">
              <lines>
                <line number="10" hits="1" branch="False" />
                <line number="11" hits="1" branch="False" />
                <line number="12" hits="1" branch="False" />
                <line number="13" hits="1" branch="False" />
                <line number="14" hits="1" branch="False" />
              </lines>
            </method>
          </methods>
          <lines>
            <line number="8" hits="187" branch="False" />
            <line number="18" hits="24" branch="False" />
            <line number="19" hits="107" branch="True" condition-coverage="100% (2/2)">
              <conditions>
                <condition number="74" type="jump" coverage="100%" />
              </conditions>
            </line>
            <line number="20" hits="20" branch="False" />
            <line number="21" hits="23" branch="True" condition-coverage="100% (2/2)">
              <conditions>
                <condition number="31" type="jump" coverage="100%" />
              </conditions>
            </line>
            <line number="22" hits="19" branch="True" condition-coverage="100% (2/2)">
              <conditions>
                <condition number="55" type="jump" coverage="100%" />
              </conditions>
            </line>
            <line number="23" hits="15" branch="False" />
            <line number="24" hits="19" branch="False" />
            <line number="25" hits="24" branch="False" />
            <line number="101" hits="0" branch="False" />
            <line number="102" hits="0" branch="False" />
            <line number="103" hits="0" branch="False" />
            <line number="104" hits="0" branch="False" />
            <line number="105" hits="0" branch="False" />
            <line number="106" hits="0" branch="False" />
            <line number="107" hits="0" branch="False" />
            <line number="108" hits="0" branch="False" />
            <line number="109" hits="0" branch="False" />
            <line number="110" hits="0" branch="False" />
            <line number="111" hits="0" branch="False" />
            <line number="112" hits="0" branch="False" />
            <line number="114" hits="0" branch="False" />
            <line number="115" hits="0" branch="False" />
            <line number="116" hits="0" branch="False" />
            <line number="117" hits="0" branch="False" />
            <line number="10" hits="1" branch="False" />
            <line number="11" hits="1" branch="False" />
            <line number="12" hits="1" branch="False" />
            <line number="13" hits="1" branch="False" />
            <line number="14" hits="1" branch="False" />
          </lines>
        </class>
        <class name="Program/Rotor" filename="_git\AI_Challenge\edu-ai-challenge-2025\6\Task6\Task6\Program.converted.cs" line-rate="1" branch-rate="1" complexity="9">
          <methods>
            <method name="get_Wiring" signature="()" line-rate="1" branch-rate="1" complexity="1">
              <lines>
                <line number="29" hits="184" branch="False" />
              </lines>
            </method>
            <method name="get_Notch" signature="()" line-rate="1" branch-rate="1" complexity="1">
              <lines>
                <line number="30" hits="57" branch="False" />
              </lines>
            </method>
            <method name="get_RingSetting" signature="()" line-rate="1" branch-rate="1" complexity="1">
              <lines>
                <line number="31" hits="166" branch="False" />
              </lines>
            </method>
            <method name="get_Position" signature="()" line-rate="1" branch-rate="1" complexity="1">
              <lines>
                <line number="32" hits="272" branch="False" />
              </lines>
            </method>
            <method name="Step" signature="()" line-rate="1" branch-rate="1" complexity="1">
              <lines>
                <line number="42" hits="21" branch="False" />
              </lines>
            </method>
            <method name="AtNotch" signature="()" line-rate="1" branch-rate="1" complexity="1">
              <lines>
                <line number="43" hits="39" branch="False" />
              </lines>
            </method>
            <method name="Forward" signature="(System.Char)" line-rate="1" branch-rate="1" complexity="1">
              <lines>
                <line number="45" hits="83" branch="False" />
                <line number="46" hits="83" branch="False" />
                <line number="47" hits="83" branch="False" />
                <line number="48" hits="83" branch="False" />
              </lines>
            </method>
            <method name="Backward" signature="(System.Char)" line-rate="1" branch-rate="1" complexity="1">
              <lines>
                <line number="50" hits="83" branch="False" />
                <line number="51" hits="83" branch="False" />
                <line number="52" hits="83" branch="False" />
                <line number="53" hits="83" branch="False" />
              </lines>
            </method>
            <method name=".ctor" signature="(System.String,System.Char,System.Int32,System.Int32)" line-rate="1" branch-rate="1" complexity="1">
              <lines>
                <line number="34" hits="24" branch="False" />
                <line number="35" hits="24" branch="False" />
                <line number="36" hits="24" branch="False" />
                <line number="37" hits="24" branch="False" />
                <line number="38" hits="24" branch="False" />
                <line number="39" hits="24" branch="False" />
                <line number="40" hits="24" branch="False" />
              </lines>
            </method>
          </methods>
          <lines>
            <line number="29" hits="184" branch="False" />
            <line number="30" hits="57" branch="False" />
            <line number="31" hits="166" branch="False" />
            <line number="32" hits="272" branch="False" />
            <line number="42" hits="21" branch="False" />
            <line number="43" hits="39" branch="False" />
            <line number="45" hits="83" branch="False" />
            <line number="46" hits="83" branch="False" />
            <line number="47" hits="83" branch="False" />
            <line number="48" hits="83" branch="False" />
            <line number="50" hits="83" branch="False" />
            <line number="51" hits="83" branch="False" />
            <line number="52" hits="83" branch="False" />
            <line number="53" hits="83" branch="False" />
            <line number="34" hits="24" branch="False" />
            <line number="35" hits="24" branch="False" />
            <line number="36" hits="24" branch="False" />
            <line number="37" hits="24" branch="False" />
            <line number="38" hits="24" branch="False" />
            <line number="39" hits="24" branch="False" />
            <line number="40" hits="24" branch="False" />
          </lines>
        </class>
        <class name="Program/Enigma" filename="_git\AI_Challenge\edu-ai-challenge-2025\6\Task6\Task6\Program.converted.cs" line-rate="1" branch-rate="0.9" complexity="12">
          <methods>
            <method name="StepRotors" signature="()" line-rate="1" branch-rate="0.75" complexity="4">
              <lines>
                <line number="68" hits="19" branch="False" />
                <line number="69" hits="19" branch="True" condition-coverage="50% (1/2)">
                  <conditions>
                    <condition number="16" type="jump" coverage="50%" />
                  </conditions>
                </line>
                <line number="70" hits="20" branch="True" condition-coverage="100% (2/2)">
                  <conditions>
                    <condition number="47" type="jump" coverage="100%" />
                  </conditions>
                </line>
                <line number="71" hits="19" branch="False" />
                <line number="72" hits="19" branch="False" />
              </lines>
            </method>
            <method name="EncryptChar" signature="(System.Char)" line-rate="1" branch-rate="1" complexity="6">
              <lines>
                <line number="75" hits="21" branch="False" />
                <line number="76" hits="23" branch="True" condition-coverage="100% (2/2)">
                  <conditions>
                    <condition number="17" type="jump" coverage="100%" />
                  </conditions>
                </line>
                <line number="77" hits="19" branch="False" />
                <line number="78" hits="19" branch="False" />
                <line number="79" hits="152" branch="True" condition-coverage="100% (2/2)">
                  <conditions>
                    <condition number="91" type="jump" coverage="100%" />
                  </conditions>
                </line>
                <line number="80" hits="57" branch="False" />
                <line number="81" hits="57" branch="False" />
                <line number="82" hits="57" branch="False" />
                <line number="84" hits="19" branch="False" />
                <line number="86" hits="152" branch="True" condition-coverage="100% (2/2)">
                  <conditions>
                    <condition number="162" type="jump" coverage="100%" />
                  </conditions>
                </line>
                <line number="87" hits="57" branch="False" />
                <line number="88" hits="57" branch="False" />
                <line number="89" hits="57" branch="False" />
                <line number="91" hits="19" branch="False" />
                <line number="92" hits="21" branch="False" />
              </lines>
            </method>
            <method name="Process" signature="(System.String)" line-rate="1" branch-rate="1" complexity="1">
              <lines>
                <line number="95" hits="3" branch="False" />
                <line number="96" hits="20" branch="False" />
                <line number="97" hits="3" branch="False" />
              </lines>
            </method>
            <method name=".ctor" signature="(System.Int32[],System.Int32[],System.Int32[],System.Collections.Generic.List`1&lt;System.Tuple`2&lt;System.Char,System.Char&gt;&gt;)" line-rate="1" branch-rate="1" complexity="1">
              <lines>
                <line number="61" hits="6" branch="False" />
                <line number="62" hits="6" branch="False" />
                <line number="63" hits="24" branch="False" />
                <line number="64" hits="6" branch="False" />
                <line number="65" hits="6" branch="False" />
              </lines>
            </method>
          </methods>
          <lines>
            <line number="68" hits="19" branch="False" />
            <line number="69" hits="19" branch="True" condition-coverage="50% (1/2)">
              <conditions>
                <condition number="16" type="jump" coverage="50%" />
              </conditions>
            </line>
            <line number="70" hits="20" branch="True" condition-coverage="100% (2/2)">
              <conditions>
                <condition number="47" type="jump" coverage="100%" />
              </conditions>
            </line>
            <line number="71" hits="19" branch="False" />
            <line number="72" hits="19" branch="False" />
            <line number="75" hits="21" branch="False" />
            <line number="76" hits="23" branch="True" condition-coverage="100% (2/2)">
              <conditions>
                <condition number="17" type="jump" coverage="100%" />
              </conditions>
            </line>
            <line number="77" hits="19" branch="False" />
            <line number="78" hits="19" branch="False" />
            <line number="79" hits="152" branch="True" condition-coverage="100% (2/2)">
              <conditions>
                <condition number="91" type="jump" coverage="100%" />
              </conditions>
            </line>
            <line number="80" hits="57" branch="False" />
            <line number="81" hits="57" branch="False" />
            <line number="82" hits="57" branch="False" />
            <line number="84" hits="19" branch="False" />
            <line number="86" hits="152" branch="True" condition-coverage="100% (2/2)">
              <conditions>
                <condition number="162" type="jump" coverage="100%" />
              </conditions>
            </line>
            <line number="87" hits="57" branch="False" />
            <line number="88" hits="57" branch="False" />
            <line number="89" hits="57" branch="False" />
            <line number="91" hits="19" branch="False" />
            <line number="92" hits="21" branch="False" />
            <line number="95" hits="3" branch="False" />
            <line number="96" hits="20" branch="False" />
            <line number="97" hits="3" branch="False" />
            <line number="61" hits="6" branch="False" />
            <line number="62" hits="6" branch="False" />
            <line number="63" hits="24" branch="False" />
            <line number="64" hits="6" branch="False" />
            <line number="65" hits="6" branch="False" />
          </lines>
        </class>
      </classes>
    </package>
  </packages>
</coverage>